INFO - 2025-01-22 16:36:45 --> Session: Class initialized using 'CodeIgniter\Session\Handlers\FileHandler' driver.
INFO - 2025-01-22 16:36:45 --> Session: Class initialized using 'CodeIgniter\Session\Handlers\FileHandler' driver.
INFO - 2025-01-22 16:41:15 --> Session: Class initialized using 'CodeIgniter\Session\Handlers\FileHandler' driver.
INFO - 2025-01-22 16:41:18 --> Session: Class initialized using 'CodeIgniter\Session\Handlers\FileHandler' driver.
INFO - 2025-01-22 16:41:28 --> Session: Class initialized using 'CodeIgniter\Session\Handlers\FileHandler' driver.
INFO - 2025-01-22 16:41:29 --> Session: Class initialized using 'CodeIgniter\Session\Handlers\FileHandler' driver.
INFO - 2025-01-22 16:41:35 --> Session: Class initialized using 'CodeIgniter\Session\Handlers\FileHandler' driver.
INFO - 2025-01-22 16:41:35 --> Session: Class initialized using 'CodeIgniter\Session\Handlers\FileHandler' driver.
INFO - 2025-01-22 16:41:38 --> Session: Class initialized using 'CodeIgniter\Session\Handlers\FileHandler' driver.
INFO - 2025-01-22 16:41:39 --> Session: Class initialized using 'CodeIgniter\Session\Handlers\FileHandler' driver.
INFO - 2025-01-22 16:41:41 --> Session: Class initialized using 'CodeIgniter\Session\Handlers\FileHandler' driver.
INFO - 2025-01-22 16:41:42 --> Session: Class initialized using 'CodeIgniter\Session\Handlers\FileHandler' driver.
INFO - 2025-01-22 16:41:42 --> Session: Class initialized using 'CodeIgniter\Session\Handlers\FileHandler' driver.
INFO - 2025-01-22 16:41:43 --> Session: Class initialized using 'CodeIgniter\Session\Handlers\FileHandler' driver.
INFO - 2025-01-22 16:41:44 --> Session: Class initialized using 'CodeIgniter\Session\Handlers\FileHandler' driver.
INFO - 2025-01-22 16:41:44 --> Session: Class initialized using 'CodeIgniter\Session\Handlers\FileHandler' driver.
INFO - 2025-01-22 16:41:51 --> Session: Class initialized using 'CodeIgniter\Session\Handlers\FileHandler' driver.
INFO - 2025-01-22 16:41:51 --> Session: Class initialized using 'CodeIgniter\Session\Handlers\FileHandler' driver.
INFO - 2025-01-22 16:41:51 --> Session: Class initialized using 'CodeIgniter\Session\Handlers\FileHandler' driver.
INFO - 2025-01-22 16:41:53 --> Session: Class initialized using 'CodeIgniter\Session\Handlers\FileHandler' driver.
INFO - 2025-01-22 16:41:53 --> Session: Class initialized using 'CodeIgniter\Session\Handlers\FileHandler' driver.
INFO - 2025-01-22 16:41:53 --> Session: Class initialized using 'CodeIgniter\Session\Handlers\FileHandler' driver.
INFO - 2025-01-22 16:42:03 --> Session: Class initialized using 'CodeIgniter\Session\Handlers\FileHandler' driver.
INFO - 2025-01-22 16:42:03 --> Session: Class initialized using 'CodeIgniter\Session\Handlers\FileHandler' driver.
INFO - 2025-01-22 16:42:03 --> Session: Class initialized using 'CodeIgniter\Session\Handlers\FileHandler' driver.
INFO - 2025-01-22 16:42:07 --> Session: Class initialized using 'CodeIgniter\Session\Handlers\FileHandler' driver.
INFO - 2025-01-22 16:42:07 --> Session: Class initialized using 'CodeIgniter\Session\Handlers\FileHandler' driver.
INFO - 2025-01-22 16:42:07 --> Session: Class initialized using 'CodeIgniter\Session\Handlers\FileHandler' driver.
INFO - 2025-01-22 16:42:10 --> Session: Class initialized using 'CodeIgniter\Session\Handlers\FileHandler' driver.
INFO - 2025-01-22 16:42:51 --> Session: Class initialized using 'CodeIgniter\Session\Handlers\FileHandler' driver.
INFO - 2025-01-22 16:42:51 --> Session: Class initialized using 'CodeIgniter\Session\Handlers\FileHandler' driver.
INFO - 2025-01-22 16:42:55 --> Session: Class initialized using 'CodeIgniter\Session\Handlers\FileHandler' driver.
INFO - 2025-01-22 16:43:11 --> Session: Class initialized using 'CodeIgniter\Session\Handlers\FileHandler' driver.
INFO - 2025-01-22 16:43:16 --> Session: Class initialized using 'CodeIgniter\Session\Handlers\FileHandler' driver.
INFO - 2025-01-22 16:43:17 --> Session: Class initialized using 'CodeIgniter\Session\Handlers\FileHandler' driver.
INFO - 2025-01-22 16:43:22 --> Session: Class initialized using 'CodeIgniter\Session\Handlers\FileHandler' driver.
INFO - 2025-01-22 16:43:50 --> Session: Class initialized using 'CodeIgniter\Session\Handlers\FileHandler' driver.
INFO - 2025-01-22 16:43:52 --> Session: Class initialized using 'CodeIgniter\Session\Handlers\FileHandler' driver.
INFO - 2025-01-22 16:54:20 --> Session: Class initialized using 'CodeIgniter\Session\Handlers\FileHandler' driver.
INFO - 2025-01-22 16:54:25 --> Session: Class initialized using 'CodeIgniter\Session\Handlers\FileHandler' driver.
INFO - 2025-01-22 16:54:31 --> Session: Class initialized using 'CodeIgniter\Session\Handlers\FileHandler' driver.
INFO - 2025-01-22 16:54:32 --> Session: Class initialized using 'CodeIgniter\Session\Handlers\FileHandler' driver.
INFO - 2025-01-22 16:54:50 --> Session: Class initialized using 'CodeIgniter\Session\Handlers\FileHandler' driver.
INFO - 2025-01-22 16:54:51 --> Session: Class initialized using 'CodeIgniter\Session\Handlers\FileHandler' driver.
INFO - 2025-01-22 16:54:57 --> Session: Class initialized using 'CodeIgniter\Session\Handlers\FileHandler' driver.
INFO - 2025-01-22 16:55:06 --> Session: Class initialized using 'CodeIgniter\Session\Handlers\FileHandler' driver.
INFO - 2025-01-22 16:55:06 --> Session: Class initialized using 'CodeIgniter\Session\Handlers\FileHandler' driver.
INFO - 2025-01-22 16:55:31 --> Session: Class initialized using 'CodeIgniter\Session\Handlers\FileHandler' driver.
INFO - 2025-01-22 16:55:31 --> Session: Class initialized using 'CodeIgniter\Session\Handlers\FileHandler' driver.
INFO - 2025-01-22 16:55:31 --> Session: Class initialized using 'CodeIgniter\Session\Handlers\FileHandler' driver.
INFO - 2025-01-22 16:55:34 --> Session: Class initialized using 'CodeIgniter\Session\Handlers\FileHandler' driver.
INFO - 2025-01-22 16:55:59 --> Session: Class initialized using 'CodeIgniter\Session\Handlers\FileHandler' driver.
INFO - 2025-01-22 16:55:59 --> Session: Class initialized using 'CodeIgniter\Session\Handlers\FileHandler' driver.
INFO - 2025-01-22 16:56:03 --> Session: Class initialized using 'CodeIgniter\Session\Handlers\FileHandler' driver.
INFO - 2025-01-22 16:56:13 --> Session: Class initialized using 'CodeIgniter\Session\Handlers\FileHandler' driver.
INFO - 2025-01-22 16:56:26 --> Session: Class initialized using 'CodeIgniter\Session\Handlers\FileHandler' driver.
INFO - 2025-01-22 16:56:26 --> Session: Class initialized using 'CodeIgniter\Session\Handlers\FileHandler' driver.
INFO - 2025-01-22 16:56:32 --> Session: Class initialized using 'CodeIgniter\Session\Handlers\FileHandler' driver.
INFO - 2025-01-22 16:56:34 --> Session: Class initialized using 'CodeIgniter\Session\Handlers\FileHandler' driver.
INFO - 2025-01-22 16:57:50 --> Session: Class initialized using 'CodeIgniter\Session\Handlers\FileHandler' driver.
INFO - 2025-01-22 17:00:02 --> Session: Class initialized using 'CodeIgniter\Session\Handlers\FileHandler' driver.
INFO - 2025-01-22 17:00:05 --> Session: Class initialized using 'CodeIgniter\Session\Handlers\FileHandler' driver.
INFO - 2025-01-22 17:00:06 --> Session: Class initialized using 'CodeIgniter\Session\Handlers\FileHandler' driver.
INFO - 2025-01-22 17:00:11 --> Session: Class initialized using 'CodeIgniter\Session\Handlers\FileHandler' driver.
INFO - 2025-01-22 17:00:52 --> Session: Class initialized using 'CodeIgniter\Session\Handlers\FileHandler' driver.
INFO - 2025-01-22 17:04:36 --> Session: Class initialized using 'CodeIgniter\Session\Handlers\FileHandler' driver.
INFO - 2025-01-22 17:04:42 --> Session: Class initialized using 'CodeIgniter\Session\Handlers\FileHandler' driver.
INFO - 2025-01-22 17:04:49 --> Session: Class initialized using 'CodeIgniter\Session\Handlers\FileHandler' driver.
INFO - 2025-01-22 17:04:49 --> Session: Class initialized using 'CodeIgniter\Session\Handlers\FileHandler' driver.
INFO - 2025-01-22 17:07:52 --> Session: Class initialized using 'CodeIgniter\Session\Handlers\FileHandler' driver.
INFO - 2025-01-22 17:07:58 --> Session: Class initialized using 'CodeIgniter\Session\Handlers\FileHandler' driver.
INFO - 2025-01-22 20:20:46 --> Session: Class initialized using 'CodeIgniter\Session\Handlers\FileHandler' driver.
INFO - 2025-01-22 20:20:46 --> Session: Class initialized using 'CodeIgniter\Session\Handlers\FileHandler' driver.
INFO - 2025-01-22 20:20:49 --> Session: Class initialized using 'CodeIgniter\Session\Handlers\FileHandler' driver.
INFO - 2025-01-22 20:21:47 --> Session: Class initialized using 'CodeIgniter\Session\Handlers\FileHandler' driver.
INFO - 2025-01-22 20:21:51 --> Session: Class initialized using 'CodeIgniter\Session\Handlers\FileHandler' driver.
INFO - 2025-01-22 20:21:52 --> Session: Class initialized using 'CodeIgniter\Session\Handlers\FileHandler' driver.
INFO - 2025-01-22 20:21:53 --> Session: Class initialized using 'CodeIgniter\Session\Handlers\FileHandler' driver.
INFO - 2025-01-22 20:21:54 --> Session: Class initialized using 'CodeIgniter\Session\Handlers\FileHandler' driver.
INFO - 2025-01-22 20:21:57 --> Session: Class initialized using 'CodeIgniter\Session\Handlers\FileHandler' driver.
INFO - 2025-01-22 20:21:58 --> Session: Class initialized using 'CodeIgniter\Session\Handlers\FileHandler' driver.
INFO - 2025-01-22 20:21:59 --> Session: Class initialized using 'CodeIgniter\Session\Handlers\FileHandler' driver.
INFO - 2025-01-22 20:22:00 --> Session: Class initialized using 'CodeIgniter\Session\Handlers\FileHandler' driver.
INFO - 2025-01-22 20:22:00 --> Session: Class initialized using 'CodeIgniter\Session\Handlers\FileHandler' driver.
INFO - 2025-01-22 20:22:00 --> Session: Class initialized using 'CodeIgniter\Session\Handlers\FileHandler' driver.
INFO - 2025-01-22 20:22:01 --> Session: Class initialized using 'CodeIgniter\Session\Handlers\FileHandler' driver.
INFO - 2025-01-22 20:22:01 --> Session: Class initialized using 'CodeIgniter\Session\Handlers\FileHandler' driver.
INFO - 2025-01-22 20:22:18 --> Session: Class initialized using 'CodeIgniter\Session\Handlers\FileHandler' driver.
INFO - 2025-01-22 20:22:18 --> Session: Class initialized using 'CodeIgniter\Session\Handlers\FileHandler' driver.
INFO - 2025-01-22 20:22:18 --> Session: Class initialized using 'CodeIgniter\Session\Handlers\FileHandler' driver.
INFO - 2025-01-22 20:22:23 --> Session: Class initialized using 'CodeIgniter\Session\Handlers\FileHandler' driver.
INFO - 2025-01-22 20:22:24 --> Session: Class initialized using 'CodeIgniter\Session\Handlers\FileHandler' driver.
INFO - 2025-01-22 20:22:24 --> Session: Class initialized using 'CodeIgniter\Session\Handlers\FileHandler' driver.
INFO - 2025-01-22 20:23:58 --> Session: Class initialized using 'CodeIgniter\Session\Handlers\FileHandler' driver.
INFO - 2025-01-22 20:23:58 --> Session: Class initialized using 'CodeIgniter\Session\Handlers\FileHandler' driver.
INFO - 2025-01-22 20:23:58 --> Session: Class initialized using 'CodeIgniter\Session\Handlers\FileHandler' driver.
INFO - 2025-01-22 20:24:08 --> Session: Class initialized using 'CodeIgniter\Session\Handlers\FileHandler' driver.
INFO - 2025-01-22 20:24:09 --> Session: Class initialized using 'CodeIgniter\Session\Handlers\FileHandler' driver.
INFO - 2025-01-22 20:24:12 --> Session: Class initialized using 'CodeIgniter\Session\Handlers\FileHandler' driver.
INFO - 2025-01-22 20:24:14 --> Session: Class initialized using 'CodeIgniter\Session\Handlers\FileHandler' driver.
INFO - 2025-01-22 20:24:17 --> Session: Class initialized using 'CodeIgniter\Session\Handlers\FileHandler' driver.
INFO - 2025-01-22 20:24:18 --> Session: Class initialized using 'CodeIgniter\Session\Handlers\FileHandler' driver.
INFO - 2025-01-22 20:24:18 --> Session: Class initialized using 'CodeIgniter\Session\Handlers\FileHandler' driver.
INFO - 2025-01-22 20:24:21 --> Session: Class initialized using 'CodeIgniter\Session\Handlers\FileHandler' driver.
INFO - 2025-01-22 20:24:22 --> Session: Class initialized using 'CodeIgniter\Session\Handlers\FileHandler' driver.
INFO - 2025-01-22 20:24:22 --> Session: Class initialized using 'CodeIgniter\Session\Handlers\FileHandler' driver.
INFO - 2025-01-22 20:25:12 --> Session: Class initialized using 'CodeIgniter\Session\Handlers\FileHandler' driver.
INFO - 2025-01-22 20:25:12 --> Session: Class initialized using 'CodeIgniter\Session\Handlers\FileHandler' driver.
INFO - 2025-01-22 20:25:13 --> Session: Class initialized using 'CodeIgniter\Session\Handlers\FileHandler' driver.
INFO - 2025-01-22 20:25:13 --> Session: Class initialized using 'CodeIgniter\Session\Handlers\FileHandler' driver.
INFO - 2025-01-22 20:25:24 --> Session: Class initialized using 'CodeIgniter\Session\Handlers\FileHandler' driver.
INFO - 2025-01-22 20:25:24 --> Session: Class initialized using 'CodeIgniter\Session\Handlers\FileHandler' driver.
INFO - 2025-01-22 20:25:24 --> Session: Class initialized using 'CodeIgniter\Session\Handlers\FileHandler' driver.
INFO - 2025-01-22 20:25:24 --> Session: Class initialized using 'CodeIgniter\Session\Handlers\FileHandler' driver.
INFO - 2025-01-22 20:26:05 --> Session: Class initialized using 'CodeIgniter\Session\Handlers\FileHandler' driver.
INFO - 2025-01-22 20:26:06 --> Session: Class initialized using 'CodeIgniter\Session\Handlers\FileHandler' driver.
INFO - 2025-01-22 20:26:07 --> Session: Class initialized using 'CodeIgniter\Session\Handlers\FileHandler' driver.
INFO - 2025-01-22 20:26:07 --> Session: Class initialized using 'CodeIgniter\Session\Handlers\FileHandler' driver.
INFO - 2025-01-22 20:26:13 --> Session: Class initialized using 'CodeIgniter\Session\Handlers\FileHandler' driver.
INFO - 2025-01-22 20:26:14 --> Session: Class initialized using 'CodeIgniter\Session\Handlers\FileHandler' driver.
INFO - 2025-01-22 20:26:15 --> Session: Class initialized using 'CodeIgniter\Session\Handlers\FileHandler' driver.
INFO - 2025-01-22 20:26:15 --> Session: Class initialized using 'CodeIgniter\Session\Handlers\FileHandler' driver.
INFO - 2025-01-22 20:27:06 --> Session: Class initialized using 'CodeIgniter\Session\Handlers\FileHandler' driver.
INFO - 2025-01-22 20:27:06 --> Session: Class initialized using 'CodeIgniter\Session\Handlers\FileHandler' driver.
INFO - 2025-01-22 20:27:06 --> Session: Class initialized using 'CodeIgniter\Session\Handlers\FileHandler' driver.
INFO - 2025-01-22 20:27:09 --> Session: Class initialized using 'CodeIgniter\Session\Handlers\FileHandler' driver.
INFO - 2025-01-22 20:29:12 --> Session: Class initialized using 'CodeIgniter\Session\Handlers\FileHandler' driver.
INFO - 2025-01-22 20:29:12 --> Session: Class initialized using 'CodeIgniter\Session\Handlers\FileHandler' driver.
INFO - 2025-01-22 20:29:15 --> Session: Class initialized using 'CodeIgniter\Session\Handlers\FileHandler' driver.
INFO - 2025-01-22 20:29:16 --> Session: Class initialized using 'CodeIgniter\Session\Handlers\FileHandler' driver.
INFO - 2025-01-22 20:29:17 --> Session: Class initialized using 'CodeIgniter\Session\Handlers\FileHandler' driver.
INFO - 2025-01-22 20:29:23 --> Session: Class initialized using 'CodeIgniter\Session\Handlers\FileHandler' driver.
INFO - 2025-01-22 20:29:23 --> Session: Class initialized using 'CodeIgniter\Session\Handlers\FileHandler' driver.
INFO - 2025-01-22 20:29:28 --> Session: Class initialized using 'CodeIgniter\Session\Handlers\FileHandler' driver.
ERROR - 2025-01-22 20:29:28 --> mysqli_sql_exception: Cannot delete or update a parent row: a foreign key constraint fails (`tup_db`.`tblaccounts`, CONSTRAINT `tblaccounts_ibfk_1` FOREIGN KEY (`department_id`) REFERENCES `tbldepartment` (`department_id`)) in C:\xampp\htdocs\employee_project\vendor\codeigniter4\framework\system\Database\MySQLi\Connection.php:306
Stack trace:
#0 C:\xampp\htdocs\employee_project\vendor\codeigniter4\framework\system\Database\MySQLi\Connection.php(306): mysqli->query('DELETE FROM `tb...', 0)
#1 C:\xampp\htdocs\employee_project\vendor\codeigniter4\framework\system\Database\BaseConnection.php(693): CodeIgniter\Database\MySQLi\Connection->execute('DELETE FROM `tb...')
#2 C:\xampp\htdocs\employee_project\vendor\codeigniter4\framework\system\Database\BaseConnection.php(607): CodeIgniter\Database\BaseConnection->simpleQuery('DELETE FROM `tb...')
#3 C:\xampp\htdocs\employee_project\vendor\codeigniter4\framework\system\Database\BaseBuilder.php(2787): CodeIgniter\Database\BaseConnection->query('DELETE FROM `tb...', Array, false)
#4 C:\xampp\htdocs\employee_project\vendor\codeigniter4\framework\system\Model.php(454): CodeIgniter\Database\BaseBuilder->delete()
#5 C:\xampp\htdocs\employee_project\vendor\codeigniter4\framework\system\BaseModel.php(1120): CodeIgniter\Model->doDelete(NULL, false)
#6 C:\xampp\htdocs\employee_project\app\Controllers\AdminController.php(243): CodeIgniter\BaseModel->delete()
#7 C:\xampp\htdocs\employee_project\vendor\codeigniter4\framework\system\CodeIgniter.php(943): App\Controllers\AdminController->DeleteDepartment()
#8 C:\xampp\htdocs\employee_project\vendor\codeigniter4\framework\system\CodeIgniter.php(503): CodeIgniter\CodeIgniter->runController(Object(App\Controllers\AdminController))
#9 C:\xampp\htdocs\employee_project\vendor\codeigniter4\framework\system\CodeIgniter.php(361): CodeIgniter\CodeIgniter->handleRequest(NULL, Object(Config\Cache), false)
#10 C:\xampp\htdocs\employee_project\public\index.php(79): CodeIgniter\CodeIgniter->run()
#11 {main}
CRITICAL - 2025-01-22 20:29:28 --> CodeIgniter\Database\Exceptions\DatabaseException: Cannot delete or update a parent row: a foreign key constraint fails (`tup_db`.`tblaccounts`, CONSTRAINT `tblaccounts_ibfk_1` FOREIGN KEY (`department_id`) REFERENCES `tbldepartment` (`department_id`))
in SYSTEMPATH\Database\BaseConnection.php on line 647.
 1 SYSTEMPATH\Database\BaseBuilder.php(2787): CodeIgniter\Database\BaseConnection->query('DELETE FROM `tbldepartment`
WHERE `department_id` = :department_id:', [...], false)
 2 SYSTEMPATH\Model.php(454): CodeIgniter\Database\BaseBuilder->delete()
 3 SYSTEMPATH\BaseModel.php(1120): CodeIgniter\Model->doDelete(null, false)
 4 APPPATH\Controllers\AdminController.php(243): CodeIgniter\BaseModel->delete()
 5 SYSTEMPATH\CodeIgniter.php(943): App\Controllers\AdminController->DeleteDepartment()
 6 SYSTEMPATH\CodeIgniter.php(503): CodeIgniter\CodeIgniter->runController(Object(App\Controllers\AdminController))
 7 SYSTEMPATH\CodeIgniter.php(361): CodeIgniter\CodeIgniter->handleRequest(null, Object(Config\Cache), false)
 8 FCPATH\index.php(79): CodeIgniter\CodeIgniter->run()
CRITICAL - 2025-01-22 20:29:28 --> [Caused by] CodeIgniter\Database\Exceptions\DatabaseException: Cannot delete or update a parent row: a foreign key constraint fails (`tup_db`.`tblaccounts`, CONSTRAINT `tblaccounts_ibfk_1` FOREIGN KEY (`department_id`) REFERENCES `tbldepartment` (`department_id`))
in SYSTEMPATH\Database\MySQLi\Connection.php on line 311.
 1 SYSTEMPATH\Database\BaseConnection.php(693): CodeIgniter\Database\MySQLi\Connection->execute('DELETE FROM `tbldepartment`
WHERE `department_id` = \'1\'')
 2 SYSTEMPATH\Database\BaseConnection.php(607): CodeIgniter\Database\BaseConnection->simpleQuery('DELETE FROM `tbldepartment`
WHERE `department_id` = \'1\'')
 3 SYSTEMPATH\Database\BaseBuilder.php(2787): CodeIgniter\Database\BaseConnection->query('DELETE FROM `tbldepartment`
WHERE `department_id` = :department_id:', [...], false)
 4 SYSTEMPATH\Model.php(454): CodeIgniter\Database\BaseBuilder->delete()
 5 SYSTEMPATH\BaseModel.php(1120): CodeIgniter\Model->doDelete(null, false)
 6 APPPATH\Controllers\AdminController.php(243): CodeIgniter\BaseModel->delete()
 7 SYSTEMPATH\CodeIgniter.php(943): App\Controllers\AdminController->DeleteDepartment()
 8 SYSTEMPATH\CodeIgniter.php(503): CodeIgniter\CodeIgniter->runController(Object(App\Controllers\AdminController))
 9 SYSTEMPATH\CodeIgniter.php(361): CodeIgniter\CodeIgniter->handleRequest(null, Object(Config\Cache), false)
10 FCPATH\index.php(79): CodeIgniter\CodeIgniter->run()
CRITICAL - 2025-01-22 20:29:28 --> [Caused by] mysqli_sql_exception: Cannot delete or update a parent row: a foreign key constraint fails (`tup_db`.`tblaccounts`, CONSTRAINT `tblaccounts_ibfk_1` FOREIGN KEY (`department_id`) REFERENCES `tbldepartment` (`department_id`))
in SYSTEMPATH\Database\MySQLi\Connection.php on line 306.
 1 SYSTEMPATH\Database\MySQLi\Connection.php(306): mysqli->query('DELETE FROM `tbldepartment`
WHERE `department_id` = \'1\'', 0)
 2 SYSTEMPATH\Database\BaseConnection.php(693): CodeIgniter\Database\MySQLi\Connection->execute('DELETE FROM `tbldepartment`
WHERE `department_id` = \'1\'')
 3 SYSTEMPATH\Database\BaseConnection.php(607): CodeIgniter\Database\BaseConnection->simpleQuery('DELETE FROM `tbldepartment`
WHERE `department_id` = \'1\'')
 4 SYSTEMPATH\Database\BaseBuilder.php(2787): CodeIgniter\Database\BaseConnection->query('DELETE FROM `tbldepartment`
WHERE `department_id` = :department_id:', [...], false)
 5 SYSTEMPATH\Model.php(454): CodeIgniter\Database\BaseBuilder->delete()
 6 SYSTEMPATH\BaseModel.php(1120): CodeIgniter\Model->doDelete(null, false)
 7 APPPATH\Controllers\AdminController.php(243): CodeIgniter\BaseModel->delete()
 8 SYSTEMPATH\CodeIgniter.php(943): App\Controllers\AdminController->DeleteDepartment()
 9 SYSTEMPATH\CodeIgniter.php(503): CodeIgniter\CodeIgniter->runController(Object(App\Controllers\AdminController))
10 SYSTEMPATH\CodeIgniter.php(361): CodeIgniter\CodeIgniter->handleRequest(null, Object(Config\Cache), false)
11 FCPATH\index.php(79): CodeIgniter\CodeIgniter->run()
INFO - 2025-01-22 20:29:29 --> Session: Class initialized using 'CodeIgniter\Session\Handlers\FileHandler' driver.
INFO - 2025-01-22 20:29:35 --> Session: Class initialized using 'CodeIgniter\Session\Handlers\FileHandler' driver.
ERROR - 2025-01-22 20:29:35 --> mysqli_sql_exception: Cannot delete or update a parent row: a foreign key constraint fails (`tup_db`.`tblaccounts`, CONSTRAINT `tblaccounts_ibfk_1` FOREIGN KEY (`department_id`) REFERENCES `tbldepartment` (`department_id`)) in C:\xampp\htdocs\employee_project\vendor\codeigniter4\framework\system\Database\MySQLi\Connection.php:306
Stack trace:
#0 C:\xampp\htdocs\employee_project\vendor\codeigniter4\framework\system\Database\MySQLi\Connection.php(306): mysqli->query('DELETE FROM `tb...', 0)
#1 C:\xampp\htdocs\employee_project\vendor\codeigniter4\framework\system\Database\BaseConnection.php(693): CodeIgniter\Database\MySQLi\Connection->execute('DELETE FROM `tb...')
#2 C:\xampp\htdocs\employee_project\vendor\codeigniter4\framework\system\Database\BaseConnection.php(607): CodeIgniter\Database\BaseConnection->simpleQuery('DELETE FROM `tb...')
#3 C:\xampp\htdocs\employee_project\vendor\codeigniter4\framework\system\Database\BaseBuilder.php(2787): CodeIgniter\Database\BaseConnection->query('DELETE FROM `tb...', Array, false)
#4 C:\xampp\htdocs\employee_project\vendor\codeigniter4\framework\system\Model.php(454): CodeIgniter\Database\BaseBuilder->delete()
#5 C:\xampp\htdocs\employee_project\vendor\codeigniter4\framework\system\BaseModel.php(1120): CodeIgniter\Model->doDelete(NULL, false)
#6 C:\xampp\htdocs\employee_project\app\Controllers\AdminController.php(243): CodeIgniter\BaseModel->delete()
#7 C:\xampp\htdocs\employee_project\vendor\codeigniter4\framework\system\CodeIgniter.php(943): App\Controllers\AdminController->DeleteDepartment()
#8 C:\xampp\htdocs\employee_project\vendor\codeigniter4\framework\system\CodeIgniter.php(503): CodeIgniter\CodeIgniter->runController(Object(App\Controllers\AdminController))
#9 C:\xampp\htdocs\employee_project\vendor\codeigniter4\framework\system\CodeIgniter.php(361): CodeIgniter\CodeIgniter->handleRequest(NULL, Object(Config\Cache), false)
#10 C:\xampp\htdocs\employee_project\public\index.php(79): CodeIgniter\CodeIgniter->run()
#11 {main}
CRITICAL - 2025-01-22 20:29:35 --> CodeIgniter\Database\Exceptions\DatabaseException: Cannot delete or update a parent row: a foreign key constraint fails (`tup_db`.`tblaccounts`, CONSTRAINT `tblaccounts_ibfk_1` FOREIGN KEY (`department_id`) REFERENCES `tbldepartment` (`department_id`))
in SYSTEMPATH\Database\BaseConnection.php on line 647.
 1 SYSTEMPATH\Database\BaseBuilder.php(2787): CodeIgniter\Database\BaseConnection->query('DELETE FROM `tbldepartment`
WHERE `department_id` = :department_id:', [...], false)
 2 SYSTEMPATH\Model.php(454): CodeIgniter\Database\BaseBuilder->delete()
 3 SYSTEMPATH\BaseModel.php(1120): CodeIgniter\Model->doDelete(null, false)
 4 APPPATH\Controllers\AdminController.php(243): CodeIgniter\BaseModel->delete()
 5 SYSTEMPATH\CodeIgniter.php(943): App\Controllers\AdminController->DeleteDepartment()
 6 SYSTEMPATH\CodeIgniter.php(503): CodeIgniter\CodeIgniter->runController(Object(App\Controllers\AdminController))
 7 SYSTEMPATH\CodeIgniter.php(361): CodeIgniter\CodeIgniter->handleRequest(null, Object(Config\Cache), false)
 8 FCPATH\index.php(79): CodeIgniter\CodeIgniter->run()
CRITICAL - 2025-01-22 20:29:35 --> [Caused by] CodeIgniter\Database\Exceptions\DatabaseException: Cannot delete or update a parent row: a foreign key constraint fails (`tup_db`.`tblaccounts`, CONSTRAINT `tblaccounts_ibfk_1` FOREIGN KEY (`department_id`) REFERENCES `tbldepartment` (`department_id`))
in SYSTEMPATH\Database\MySQLi\Connection.php on line 311.
 1 SYSTEMPATH\Database\BaseConnection.php(693): CodeIgniter\Database\MySQLi\Connection->execute('DELETE FROM `tbldepartment`
WHERE `department_id` = \'1\'')
 2 SYSTEMPATH\Database\BaseConnection.php(607): CodeIgniter\Database\BaseConnection->simpleQuery('DELETE FROM `tbldepartment`
WHERE `department_id` = \'1\'')
 3 SYSTEMPATH\Database\BaseBuilder.php(2787): CodeIgniter\Database\BaseConnection->query('DELETE FROM `tbldepartment`
WHERE `department_id` = :department_id:', [...], false)
 4 SYSTEMPATH\Model.php(454): CodeIgniter\Database\BaseBuilder->delete()
 5 SYSTEMPATH\BaseModel.php(1120): CodeIgniter\Model->doDelete(null, false)
 6 APPPATH\Controllers\AdminController.php(243): CodeIgniter\BaseModel->delete()
 7 SYSTEMPATH\CodeIgniter.php(943): App\Controllers\AdminController->DeleteDepartment()
 8 SYSTEMPATH\CodeIgniter.php(503): CodeIgniter\CodeIgniter->runController(Object(App\Controllers\AdminController))
 9 SYSTEMPATH\CodeIgniter.php(361): CodeIgniter\CodeIgniter->handleRequest(null, Object(Config\Cache), false)
10 FCPATH\index.php(79): CodeIgniter\CodeIgniter->run()
CRITICAL - 2025-01-22 20:29:35 --> [Caused by] mysqli_sql_exception: Cannot delete or update a parent row: a foreign key constraint fails (`tup_db`.`tblaccounts`, CONSTRAINT `tblaccounts_ibfk_1` FOREIGN KEY (`department_id`) REFERENCES `tbldepartment` (`department_id`))
in SYSTEMPATH\Database\MySQLi\Connection.php on line 306.
 1 SYSTEMPATH\Database\MySQLi\Connection.php(306): mysqli->query('DELETE FROM `tbldepartment`
WHERE `department_id` = \'1\'', 0)
 2 SYSTEMPATH\Database\BaseConnection.php(693): CodeIgniter\Database\MySQLi\Connection->execute('DELETE FROM `tbldepartment`
WHERE `department_id` = \'1\'')
 3 SYSTEMPATH\Database\BaseConnection.php(607): CodeIgniter\Database\BaseConnection->simpleQuery('DELETE FROM `tbldepartment`
WHERE `department_id` = \'1\'')
 4 SYSTEMPATH\Database\BaseBuilder.php(2787): CodeIgniter\Database\BaseConnection->query('DELETE FROM `tbldepartment`
WHERE `department_id` = :department_id:', [...], false)
 5 SYSTEMPATH\Model.php(454): CodeIgniter\Database\BaseBuilder->delete()
 6 SYSTEMPATH\BaseModel.php(1120): CodeIgniter\Model->doDelete(null, false)
 7 APPPATH\Controllers\AdminController.php(243): CodeIgniter\BaseModel->delete()
 8 SYSTEMPATH\CodeIgniter.php(943): App\Controllers\AdminController->DeleteDepartment()
 9 SYSTEMPATH\CodeIgniter.php(503): CodeIgniter\CodeIgniter->runController(Object(App\Controllers\AdminController))
10 SYSTEMPATH\CodeIgniter.php(361): CodeIgniter\CodeIgniter->handleRequest(null, Object(Config\Cache), false)
11 FCPATH\index.php(79): CodeIgniter\CodeIgniter->run()
INFO - 2025-01-22 20:29:37 --> Session: Class initialized using 'CodeIgniter\Session\Handlers\FileHandler' driver.
INFO - 2025-01-22 20:29:40 --> Session: Class initialized using 'CodeIgniter\Session\Handlers\FileHandler' driver.
ERROR - 2025-01-22 20:29:40 --> mysqli_sql_exception: Cannot delete or update a parent row: a foreign key constraint fails (`tup_db`.`tblaccounts`, CONSTRAINT `tblaccounts_ibfk_1` FOREIGN KEY (`department_id`) REFERENCES `tbldepartment` (`department_id`)) in C:\xampp\htdocs\employee_project\vendor\codeigniter4\framework\system\Database\MySQLi\Connection.php:306
Stack trace:
#0 C:\xampp\htdocs\employee_project\vendor\codeigniter4\framework\system\Database\MySQLi\Connection.php(306): mysqli->query('DELETE FROM `tb...', 0)
#1 C:\xampp\htdocs\employee_project\vendor\codeigniter4\framework\system\Database\BaseConnection.php(693): CodeIgniter\Database\MySQLi\Connection->execute('DELETE FROM `tb...')
#2 C:\xampp\htdocs\employee_project\vendor\codeigniter4\framework\system\Database\BaseConnection.php(607): CodeIgniter\Database\BaseConnection->simpleQuery('DELETE FROM `tb...')
#3 C:\xampp\htdocs\employee_project\vendor\codeigniter4\framework\system\Database\BaseBuilder.php(2787): CodeIgniter\Database\BaseConnection->query('DELETE FROM `tb...', Array, false)
#4 C:\xampp\htdocs\employee_project\vendor\codeigniter4\framework\system\Model.php(454): CodeIgniter\Database\BaseBuilder->delete()
#5 C:\xampp\htdocs\employee_project\vendor\codeigniter4\framework\system\BaseModel.php(1120): CodeIgniter\Model->doDelete(NULL, false)
#6 C:\xampp\htdocs\employee_project\app\Controllers\AdminController.php(243): CodeIgniter\BaseModel->delete()
#7 C:\xampp\htdocs\employee_project\vendor\codeigniter4\framework\system\CodeIgniter.php(943): App\Controllers\AdminController->DeleteDepartment()
#8 C:\xampp\htdocs\employee_project\vendor\codeigniter4\framework\system\CodeIgniter.php(503): CodeIgniter\CodeIgniter->runController(Object(App\Controllers\AdminController))
#9 C:\xampp\htdocs\employee_project\vendor\codeigniter4\framework\system\CodeIgniter.php(361): CodeIgniter\CodeIgniter->handleRequest(NULL, Object(Config\Cache), false)
#10 C:\xampp\htdocs\employee_project\public\index.php(79): CodeIgniter\CodeIgniter->run()
#11 {main}
CRITICAL - 2025-01-22 20:29:40 --> CodeIgniter\Database\Exceptions\DatabaseException: Cannot delete or update a parent row: a foreign key constraint fails (`tup_db`.`tblaccounts`, CONSTRAINT `tblaccounts_ibfk_1` FOREIGN KEY (`department_id`) REFERENCES `tbldepartment` (`department_id`))
in SYSTEMPATH\Database\BaseConnection.php on line 647.
 1 SYSTEMPATH\Database\BaseBuilder.php(2787): CodeIgniter\Database\BaseConnection->query('DELETE FROM `tbldepartment`
WHERE `department_id` = :department_id:', [...], false)
 2 SYSTEMPATH\Model.php(454): CodeIgniter\Database\BaseBuilder->delete()
 3 SYSTEMPATH\BaseModel.php(1120): CodeIgniter\Model->doDelete(null, false)
 4 APPPATH\Controllers\AdminController.php(243): CodeIgniter\BaseModel->delete()
 5 SYSTEMPATH\CodeIgniter.php(943): App\Controllers\AdminController->DeleteDepartment()
 6 SYSTEMPATH\CodeIgniter.php(503): CodeIgniter\CodeIgniter->runController(Object(App\Controllers\AdminController))
 7 SYSTEMPATH\CodeIgniter.php(361): CodeIgniter\CodeIgniter->handleRequest(null, Object(Config\Cache), false)
 8 FCPATH\index.php(79): CodeIgniter\CodeIgniter->run()
CRITICAL - 2025-01-22 20:29:40 --> [Caused by] CodeIgniter\Database\Exceptions\DatabaseException: Cannot delete or update a parent row: a foreign key constraint fails (`tup_db`.`tblaccounts`, CONSTRAINT `tblaccounts_ibfk_1` FOREIGN KEY (`department_id`) REFERENCES `tbldepartment` (`department_id`))
in SYSTEMPATH\Database\MySQLi\Connection.php on line 311.
 1 SYSTEMPATH\Database\BaseConnection.php(693): CodeIgniter\Database\MySQLi\Connection->execute('DELETE FROM `tbldepartment`
WHERE `department_id` = \'1\'')
 2 SYSTEMPATH\Database\BaseConnection.php(607): CodeIgniter\Database\BaseConnection->simpleQuery('DELETE FROM `tbldepartment`
WHERE `department_id` = \'1\'')
 3 SYSTEMPATH\Database\BaseBuilder.php(2787): CodeIgniter\Database\BaseConnection->query('DELETE FROM `tbldepartment`
WHERE `department_id` = :department_id:', [...], false)
 4 SYSTEMPATH\Model.php(454): CodeIgniter\Database\BaseBuilder->delete()
 5 SYSTEMPATH\BaseModel.php(1120): CodeIgniter\Model->doDelete(null, false)
 6 APPPATH\Controllers\AdminController.php(243): CodeIgniter\BaseModel->delete()
 7 SYSTEMPATH\CodeIgniter.php(943): App\Controllers\AdminController->DeleteDepartment()
 8 SYSTEMPATH\CodeIgniter.php(503): CodeIgniter\CodeIgniter->runController(Object(App\Controllers\AdminController))
 9 SYSTEMPATH\CodeIgniter.php(361): CodeIgniter\CodeIgniter->handleRequest(null, Object(Config\Cache), false)
10 FCPATH\index.php(79): CodeIgniter\CodeIgniter->run()
CRITICAL - 2025-01-22 20:29:40 --> [Caused by] mysqli_sql_exception: Cannot delete or update a parent row: a foreign key constraint fails (`tup_db`.`tblaccounts`, CONSTRAINT `tblaccounts_ibfk_1` FOREIGN KEY (`department_id`) REFERENCES `tbldepartment` (`department_id`))
in SYSTEMPATH\Database\MySQLi\Connection.php on line 306.
 1 SYSTEMPATH\Database\MySQLi\Connection.php(306): mysqli->query('DELETE FROM `tbldepartment`
WHERE `department_id` = \'1\'', 0)
 2 SYSTEMPATH\Database\BaseConnection.php(693): CodeIgniter\Database\MySQLi\Connection->execute('DELETE FROM `tbldepartment`
WHERE `department_id` = \'1\'')
 3 SYSTEMPATH\Database\BaseConnection.php(607): CodeIgniter\Database\BaseConnection->simpleQuery('DELETE FROM `tbldepartment`
WHERE `department_id` = \'1\'')
 4 SYSTEMPATH\Database\BaseBuilder.php(2787): CodeIgniter\Database\BaseConnection->query('DELETE FROM `tbldepartment`
WHERE `department_id` = :department_id:', [...], false)
 5 SYSTEMPATH\Model.php(454): CodeIgniter\Database\BaseBuilder->delete()
 6 SYSTEMPATH\BaseModel.php(1120): CodeIgniter\Model->doDelete(null, false)
 7 APPPATH\Controllers\AdminController.php(243): CodeIgniter\BaseModel->delete()
 8 SYSTEMPATH\CodeIgniter.php(943): App\Controllers\AdminController->DeleteDepartment()
 9 SYSTEMPATH\CodeIgniter.php(503): CodeIgniter\CodeIgniter->runController(Object(App\Controllers\AdminController))
10 SYSTEMPATH\CodeIgniter.php(361): CodeIgniter\CodeIgniter->handleRequest(null, Object(Config\Cache), false)
11 FCPATH\index.php(79): CodeIgniter\CodeIgniter->run()
INFO - 2025-01-22 20:29:41 --> Session: Class initialized using 'CodeIgniter\Session\Handlers\FileHandler' driver.
INFO - 2025-01-22 20:29:47 --> Session: Class initialized using 'CodeIgniter\Session\Handlers\FileHandler' driver.
ERROR - 2025-01-22 20:29:47 --> mysqli_sql_exception: Cannot delete or update a parent row: a foreign key constraint fails (`tup_db`.`tblaccounts`, CONSTRAINT `tblaccounts_ibfk_1` FOREIGN KEY (`department_id`) REFERENCES `tbldepartment` (`department_id`)) in C:\xampp\htdocs\employee_project\vendor\codeigniter4\framework\system\Database\MySQLi\Connection.php:306
Stack trace:
#0 C:\xampp\htdocs\employee_project\vendor\codeigniter4\framework\system\Database\MySQLi\Connection.php(306): mysqli->query('DELETE FROM `tb...', 0)
#1 C:\xampp\htdocs\employee_project\vendor\codeigniter4\framework\system\Database\BaseConnection.php(693): CodeIgniter\Database\MySQLi\Connection->execute('DELETE FROM `tb...')
#2 C:\xampp\htdocs\employee_project\vendor\codeigniter4\framework\system\Database\BaseConnection.php(607): CodeIgniter\Database\BaseConnection->simpleQuery('DELETE FROM `tb...')
#3 C:\xampp\htdocs\employee_project\vendor\codeigniter4\framework\system\Database\BaseBuilder.php(2787): CodeIgniter\Database\BaseConnection->query('DELETE FROM `tb...', Array, false)
#4 C:\xampp\htdocs\employee_project\vendor\codeigniter4\framework\system\Model.php(454): CodeIgniter\Database\BaseBuilder->delete()
#5 C:\xampp\htdocs\employee_project\vendor\codeigniter4\framework\system\BaseModel.php(1120): CodeIgniter\Model->doDelete(NULL, false)
#6 C:\xampp\htdocs\employee_project\app\Controllers\AdminController.php(243): CodeIgniter\BaseModel->delete()
#7 C:\xampp\htdocs\employee_project\vendor\codeigniter4\framework\system\CodeIgniter.php(943): App\Controllers\AdminController->DeleteDepartment()
#8 C:\xampp\htdocs\employee_project\vendor\codeigniter4\framework\system\CodeIgniter.php(503): CodeIgniter\CodeIgniter->runController(Object(App\Controllers\AdminController))
#9 C:\xampp\htdocs\employee_project\vendor\codeigniter4\framework\system\CodeIgniter.php(361): CodeIgniter\CodeIgniter->handleRequest(NULL, Object(Config\Cache), false)
#10 C:\xampp\htdocs\employee_project\public\index.php(79): CodeIgniter\CodeIgniter->run()
#11 {main}
CRITICAL - 2025-01-22 20:29:47 --> CodeIgniter\Database\Exceptions\DatabaseException: Cannot delete or update a parent row: a foreign key constraint fails (`tup_db`.`tblaccounts`, CONSTRAINT `tblaccounts_ibfk_1` FOREIGN KEY (`department_id`) REFERENCES `tbldepartment` (`department_id`))
in SYSTEMPATH\Database\BaseConnection.php on line 647.
 1 SYSTEMPATH\Database\BaseBuilder.php(2787): CodeIgniter\Database\BaseConnection->query('DELETE FROM `tbldepartment`
WHERE `department_id` = :department_id:', [...], false)
 2 SYSTEMPATH\Model.php(454): CodeIgniter\Database\BaseBuilder->delete()
 3 SYSTEMPATH\BaseModel.php(1120): CodeIgniter\Model->doDelete(null, false)
 4 APPPATH\Controllers\AdminController.php(243): CodeIgniter\BaseModel->delete()
 5 SYSTEMPATH\CodeIgniter.php(943): App\Controllers\AdminController->DeleteDepartment()
 6 SYSTEMPATH\CodeIgniter.php(503): CodeIgniter\CodeIgniter->runController(Object(App\Controllers\AdminController))
 7 SYSTEMPATH\CodeIgniter.php(361): CodeIgniter\CodeIgniter->handleRequest(null, Object(Config\Cache), false)
 8 FCPATH\index.php(79): CodeIgniter\CodeIgniter->run()
CRITICAL - 2025-01-22 20:29:47 --> [Caused by] CodeIgniter\Database\Exceptions\DatabaseException: Cannot delete or update a parent row: a foreign key constraint fails (`tup_db`.`tblaccounts`, CONSTRAINT `tblaccounts_ibfk_1` FOREIGN KEY (`department_id`) REFERENCES `tbldepartment` (`department_id`))
in SYSTEMPATH\Database\MySQLi\Connection.php on line 311.
 1 SYSTEMPATH\Database\BaseConnection.php(693): CodeIgniter\Database\MySQLi\Connection->execute('DELETE FROM `tbldepartment`
WHERE `department_id` = \'1\'')
 2 SYSTEMPATH\Database\BaseConnection.php(607): CodeIgniter\Database\BaseConnection->simpleQuery('DELETE FROM `tbldepartment`
WHERE `department_id` = \'1\'')
 3 SYSTEMPATH\Database\BaseBuilder.php(2787): CodeIgniter\Database\BaseConnection->query('DELETE FROM `tbldepartment`
WHERE `department_id` = :department_id:', [...], false)
 4 SYSTEMPATH\Model.php(454): CodeIgniter\Database\BaseBuilder->delete()
 5 SYSTEMPATH\BaseModel.php(1120): CodeIgniter\Model->doDelete(null, false)
 6 APPPATH\Controllers\AdminController.php(243): CodeIgniter\BaseModel->delete()
 7 SYSTEMPATH\CodeIgniter.php(943): App\Controllers\AdminController->DeleteDepartment()
 8 SYSTEMPATH\CodeIgniter.php(503): CodeIgniter\CodeIgniter->runController(Object(App\Controllers\AdminController))
 9 SYSTEMPATH\CodeIgniter.php(361): CodeIgniter\CodeIgniter->handleRequest(null, Object(Config\Cache), false)
10 FCPATH\index.php(79): CodeIgniter\CodeIgniter->run()
CRITICAL - 2025-01-22 20:29:47 --> [Caused by] mysqli_sql_exception: Cannot delete or update a parent row: a foreign key constraint fails (`tup_db`.`tblaccounts`, CONSTRAINT `tblaccounts_ibfk_1` FOREIGN KEY (`department_id`) REFERENCES `tbldepartment` (`department_id`))
in SYSTEMPATH\Database\MySQLi\Connection.php on line 306.
 1 SYSTEMPATH\Database\MySQLi\Connection.php(306): mysqli->query('DELETE FROM `tbldepartment`
WHERE `department_id` = \'1\'', 0)
 2 SYSTEMPATH\Database\BaseConnection.php(693): CodeIgniter\Database\MySQLi\Connection->execute('DELETE FROM `tbldepartment`
WHERE `department_id` = \'1\'')
 3 SYSTEMPATH\Database\BaseConnection.php(607): CodeIgniter\Database\BaseConnection->simpleQuery('DELETE FROM `tbldepartment`
WHERE `department_id` = \'1\'')
 4 SYSTEMPATH\Database\BaseBuilder.php(2787): CodeIgniter\Database\BaseConnection->query('DELETE FROM `tbldepartment`
WHERE `department_id` = :department_id:', [...], false)
 5 SYSTEMPATH\Model.php(454): CodeIgniter\Database\BaseBuilder->delete()
 6 SYSTEMPATH\BaseModel.php(1120): CodeIgniter\Model->doDelete(null, false)
 7 APPPATH\Controllers\AdminController.php(243): CodeIgniter\BaseModel->delete()
 8 SYSTEMPATH\CodeIgniter.php(943): App\Controllers\AdminController->DeleteDepartment()
 9 SYSTEMPATH\CodeIgniter.php(503): CodeIgniter\CodeIgniter->runController(Object(App\Controllers\AdminController))
10 SYSTEMPATH\CodeIgniter.php(361): CodeIgniter\CodeIgniter->handleRequest(null, Object(Config\Cache), false)
11 FCPATH\index.php(79): CodeIgniter\CodeIgniter->run()
INFO - 2025-01-22 20:29:49 --> Session: Class initialized using 'CodeIgniter\Session\Handlers\FileHandler' driver.
INFO - 2025-01-22 20:29:51 --> Session: Class initialized using 'CodeIgniter\Session\Handlers\FileHandler' driver.
INFO - 2025-01-22 20:30:28 --> Session: Class initialized using 'CodeIgniter\Session\Handlers\FileHandler' driver.
INFO - 2025-01-22 20:32:24 --> Session: Class initialized using 'CodeIgniter\Session\Handlers\FileHandler' driver.
INFO - 2025-01-22 20:42:38 --> Session: Class initialized using 'CodeIgniter\Session\Handlers\FileHandler' driver.
INFO - 2025-01-22 20:42:58 --> Session: Class initialized using 'CodeIgniter\Session\Handlers\FileHandler' driver.
INFO - 2025-01-22 20:43:00 --> Session: Class initialized using 'CodeIgniter\Session\Handlers\FileHandler' driver.
INFO - 2025-01-22 20:54:39 --> Session: Class initialized using 'CodeIgniter\Session\Handlers\FileHandler' driver.
INFO - 2025-01-22 20:54:39 --> Session: Class initialized using 'CodeIgniter\Session\Handlers\FileHandler' driver.
INFO - 2025-01-22 20:54:39 --> Session: Class initialized using 'CodeIgniter\Session\Handlers\FileHandler' driver.
INFO - 2025-01-22 20:54:41 --> Session: Class initialized using 'CodeIgniter\Session\Handlers\FileHandler' driver.
INFO - 2025-01-22 20:54:58 --> Session: Class initialized using 'CodeIgniter\Session\Handlers\FileHandler' driver.
INFO - 2025-01-22 20:54:58 --> Session: Class initialized using 'CodeIgniter\Session\Handlers\FileHandler' driver.
INFO - 2025-01-22 20:55:00 --> Session: Class initialized using 'CodeIgniter\Session\Handlers\FileHandler' driver.
INFO - 2025-01-22 20:55:00 --> Session: Class initialized using 'CodeIgniter\Session\Handlers\FileHandler' driver.
INFO - 2025-01-22 20:55:00 --> Session: Class initialized using 'CodeIgniter\Session\Handlers\FileHandler' driver.
