INFO - 2025-02-23 14:36:09 --> Session: Class initialized using 'CodeIgniter\Session\Handlers\FileHandler' driver.
INFO - 2025-02-23 14:36:10 --> Session: Class initialized using 'CodeIgniter\Session\Handlers\FileHandler' driver.
ERROR - 2025-02-23 14:36:10 --> mysqli_sql_exception: Table 'tup_db.tbldepartmentcategory' doesn't exist in C:\xampp\htdocs\employee_project\vendor\codeigniter4\framework\system\Database\MySQLi\Connection.php:306
Stack trace:
#0 C:\xampp\htdocs\employee_project\vendor\codeigniter4\framework\system\Database\MySQLi\Connection.php(306): mysqli->query('SELECT `tbldepa...', 0)
#1 C:\xampp\htdocs\employee_project\vendor\codeigniter4\framework\system\Database\BaseConnection.php(693): CodeIgniter\Database\MySQLi\Connection->execute('SELECT `tbldepa...')
#2 C:\xampp\htdocs\employee_project\vendor\codeigniter4\framework\system\Database\BaseConnection.php(607): CodeIgniter\Database\BaseConnection->simpleQuery('SELECT `tbldepa...')
#3 C:\xampp\htdocs\employee_project\vendor\codeigniter4\framework\system\Database\BaseBuilder.php(1616): CodeIgniter\Database\BaseConnection->query('SELECT `tbldepa...', Array, false)
#4 C:\xampp\htdocs\employee_project\app\Models\DepartmentModel.php(20): CodeIgniter\Database\BaseBuilder->get()
#5 C:\xampp\htdocs\employee_project\app\Controllers\BaseController.php(112): App\Models\DepartmentModel->getDepartments()
#6 C:\xampp\htdocs\employee_project\app\Controllers\BaseController.php(77): App\Controllers\BaseController->loadModels()
#7 C:\xampp\htdocs\employee_project\vendor\codeigniter4\framework\system\CodeIgniter.php(915): App\Controllers\BaseController->__construct()
#8 C:\xampp\htdocs\employee_project\vendor\codeigniter4\framework\system\CodeIgniter.php(494): CodeIgniter\CodeIgniter->createController()
#9 C:\xampp\htdocs\employee_project\vendor\codeigniter4\framework\system\CodeIgniter.php(361): CodeIgniter\CodeIgniter->handleRequest(NULL, Object(Config\Cache), false)
#10 C:\xampp\htdocs\employee_project\public\index.php(79): CodeIgniter\CodeIgniter->run()
#11 {main}
CRITICAL - 2025-02-23 14:36:10 --> CodeIgniter\Database\Exceptions\DatabaseException: Table 'tup_db.tbldepartmentcategory' doesn't exist
in SYSTEMPATH\Database\BaseConnection.php on line 647.
 1 SYSTEMPATH\Database\BaseBuilder.php(1616): CodeIgniter\Database\BaseConnection->query('SELECT `tbldepartment`.*, `tbldepartmentcategory`.*
FROM `tbldepartment`
LEFT JOIN `tbldepartmentcategory` ON `tbldepartmentcategory`.`department_category_id` = `tbldepartment`.`department_category_id`
ORDER BY `tbldepartment`.`department_name` ASC', [], false)
 2 APPPATH\Models\DepartmentModel.php(20): CodeIgniter\Database\BaseBuilder->get()
 3 APPPATH\Controllers\BaseController.php(112): App\Models\DepartmentModel->getDepartments()
 4 APPPATH\Controllers\BaseController.php(77): App\Controllers\BaseController->loadModels()
 5 SYSTEMPATH\CodeIgniter.php(915): App\Controllers\BaseController->__construct()
 6 SYSTEMPATH\CodeIgniter.php(494): CodeIgniter\CodeIgniter->createController()
 7 SYSTEMPATH\CodeIgniter.php(361): CodeIgniter\CodeIgniter->handleRequest(null, Object(Config\Cache), false)
 8 FCPATH\index.php(79): CodeIgniter\CodeIgniter->run()
CRITICAL - 2025-02-23 14:36:10 --> [Caused by] CodeIgniter\Database\Exceptions\DatabaseException: Table 'tup_db.tbldepartmentcategory' doesn't exist
in SYSTEMPATH\Database\MySQLi\Connection.php on line 311.
 1 SYSTEMPATH\Database\BaseConnection.php(693): CodeIgniter\Database\MySQLi\Connection->execute('SELECT `tbldepartment`.*, `tbldepartmentcategory`.*
FROM `tbldepartment`
LEFT JOIN `tbldepartmentcategory` ON `tbldepartmentcategory`.`department_category_id` = `tbldepartment`.`department_category_id`
ORDER BY `tbldepartment`.`department_name` ASC')
 2 SYSTEMPATH\Database\BaseConnection.php(607): CodeIgniter\Database\BaseConnection->simpleQuery('SELECT `tbldepartment`.*, `tbldepartmentcategory`.*
FROM `tbldepartment`
LEFT JOIN `tbldepartmentcategory` ON `tbldepartmentcategory`.`department_category_id` = `tbldepartment`.`department_category_id`
ORDER BY `tbldepartment`.`department_name` ASC')
 3 SYSTEMPATH\Database\BaseBuilder.php(1616): CodeIgniter\Database\BaseConnection->query('SELECT `tbldepartment`.*, `tbldepartmentcategory`.*
FROM `tbldepartment`
LEFT JOIN `tbldepartmentcategory` ON `tbldepartmentcategory`.`department_category_id` = `tbldepartment`.`department_category_id`
ORDER BY `tbldepartment`.`department_name` ASC', [], false)
 4 APPPATH\Models\DepartmentModel.php(20): CodeIgniter\Database\BaseBuilder->get()
 5 APPPATH\Controllers\BaseController.php(112): App\Models\DepartmentModel->getDepartments()
 6 APPPATH\Controllers\BaseController.php(77): App\Controllers\BaseController->loadModels()
 7 SYSTEMPATH\CodeIgniter.php(915): App\Controllers\BaseController->__construct()
 8 SYSTEMPATH\CodeIgniter.php(494): CodeIgniter\CodeIgniter->createController()
 9 SYSTEMPATH\CodeIgniter.php(361): CodeIgniter\CodeIgniter->handleRequest(null, Object(Config\Cache), false)
10 FCPATH\index.php(79): CodeIgniter\CodeIgniter->run()
CRITICAL - 2025-02-23 14:36:10 --> [Caused by] mysqli_sql_exception: Table 'tup_db.tbldepartmentcategory' doesn't exist
in SYSTEMPATH\Database\MySQLi\Connection.php on line 306.
 1 SYSTEMPATH\Database\MySQLi\Connection.php(306): mysqli->query('SELECT `tbldepartment`.*, `tbldepartmentcategory`.*
FROM `tbldepartment`
LEFT JOIN `tbldepartmentcategory` ON `tbldepartmentcategory`.`department_category_id` = `tbldepartment`.`department_category_id`
ORDER BY `tbldepartment`.`department_name` ASC', 0)
 2 SYSTEMPATH\Database\BaseConnection.php(693): CodeIgniter\Database\MySQLi\Connection->execute('SELECT `tbldepartment`.*, `tbldepartmentcategory`.*
FROM `tbldepartment`
LEFT JOIN `tbldepartmentcategory` ON `tbldepartmentcategory`.`department_category_id` = `tbldepartment`.`department_category_id`
ORDER BY `tbldepartment`.`department_name` ASC')
 3 SYSTEMPATH\Database\BaseConnection.php(607): CodeIgniter\Database\BaseConnection->simpleQuery('SELECT `tbldepartment`.*, `tbldepartmentcategory`.*
FROM `tbldepartment`
LEFT JOIN `tbldepartmentcategory` ON `tbldepartmentcategory`.`department_category_id` = `tbldepartment`.`department_category_id`
ORDER BY `tbldepartment`.`department_name` ASC')
 4 SYSTEMPATH\Database\BaseBuilder.php(1616): CodeIgniter\Database\BaseConnection->query('SELECT `tbldepartment`.*, `tbldepartmentcategory`.*
FROM `tbldepartment`
LEFT JOIN `tbldepartmentcategory` ON `tbldepartmentcategory`.`department_category_id` = `tbldepartment`.`department_category_id`
ORDER BY `tbldepartment`.`department_name` ASC', [], false)
 5 APPPATH\Models\DepartmentModel.php(20): CodeIgniter\Database\BaseBuilder->get()
 6 APPPATH\Controllers\BaseController.php(112): App\Models\DepartmentModel->getDepartments()
 7 APPPATH\Controllers\BaseController.php(77): App\Controllers\BaseController->loadModels()
 8 SYSTEMPATH\CodeIgniter.php(915): App\Controllers\BaseController->__construct()
 9 SYSTEMPATH\CodeIgniter.php(494): CodeIgniter\CodeIgniter->createController()
10 SYSTEMPATH\CodeIgniter.php(361): CodeIgniter\CodeIgniter->handleRequest(null, Object(Config\Cache), false)
11 FCPATH\index.php(79): CodeIgniter\CodeIgniter->run()
INFO - 2025-02-23 14:39:45 --> Session: Class initialized using 'CodeIgniter\Session\Handlers\FileHandler' driver.
INFO - 2025-02-23 14:39:48 --> Session: Class initialized using 'CodeIgniter\Session\Handlers\FileHandler' driver.
INFO - 2025-02-23 14:40:02 --> Session: Class initialized using 'CodeIgniter\Session\Handlers\FileHandler' driver.
INFO - 2025-02-23 14:40:02 --> Session: Class initialized using 'CodeIgniter\Session\Handlers\FileHandler' driver.
